<?xml version="1.0" encoding="UTF-8"?>
<testng-results ignored="0" total="3" passed="3" failed="0" skipped="0">
  <reporter-output>
  </reporter-output>
  <suite started-at="2023-04-02T09:51:53 IST" name="Surefire suite" finished-at="2023-04-02T09:52:57 IST" duration-ms="64517">
    <groups>
    </groups>
    <test started-at="2023-04-02T09:51:53 IST" name="Surefire test" finished-at="2023-04-02T09:52:57 IST" duration-ms="64517">
      <class name="testcases.TestMethods">
        <test-method is-config="true" signature="beforetest()[pri:0, instance:testcases.TestMethods@69b2283a]" started-at="2023-04-02T09:51:53 IST" name="beforetest" finished-at="2023-04-02T09:52:38 IST" duration-ms="45259" status="PASS">
          <reporter-output>
          </reporter-output>
        </test-method> <!-- beforetest -->
        <test-method signature="SearchOperation()[pri:0, instance:testcases.TestMethods@69b2283a]" started-at="2023-04-02T09:52:38 IST" name="SearchOperation" finished-at="2023-04-02T09:52:46 IST" duration-ms="7654" status="PASS">
          <reporter-output>
          </reporter-output>
        </test-method> <!-- SearchOperation -->
        <test-method signature="Verify_Access_Fb()[pri:1, instance:testcases.TestMethods@69b2283a]" started-at="2023-04-02T09:52:46 IST" name="Verify_Access_Fb" finished-at="2023-04-02T09:52:51 IST" duration-ms="4835" status="PASS">
          <reporter-output>
          </reporter-output>
        </test-method> <!-- Verify_Access_Fb -->
        <test-method signature="VarifyLogin()[pri:2, instance:testcases.TestMethods@69b2283a]" started-at="2023-04-02T09:52:51 IST" name="VarifyLogin" finished-at="2023-04-02T09:52:57 IST" duration-ms="5900" status="PASS">
          <reporter-output>
          </reporter-output>
        </test-method> <!-- VarifyLogin -->
        <test-method is-config="true" signature="aftertest()[pri:0, instance:testcases.TestMethods@69b2283a]" started-at="2023-04-02T09:52:57 IST" name="aftertest" finished-at="2023-04-02T09:52:57 IST" duration-ms="659" status="PASS">
          <reporter-output>
          </reporter-output>
        </test-method> <!-- aftertest -->
      </class> <!-- testcases.TestMethods -->
    </test> <!-- Surefire test -->
  </suite> <!-- Surefire suite -->
</testng-results>
