<?xml version="1.0" encoding="UTF-8"?>
<!-- Generated by org.testng.reporters.JUnitXMLReporter -->
<testsuite ignored="0" hostname="IRAJ" failures="0" tests="3" name="Surefire test" time="64.517" errors="0" timestamp="2023-04-02T09:52:58 IST">
  <testcase classname="testcases.TestMethods" name="SearchOperation" time="7.654"/>
  <testcase classname="testcases.TestMethods" name="Verify_Access_Fb" time="4.835"/>
  <testcase classname="testcases.TestMethods" name="VarifyLogin" time="5.9"/>
</testsuite> <!-- Surefire test -->
