<?xml version="1.0" encoding="UTF-8"?>
<!-- Generated by org.testng.reporters.JUnitXMLReporter -->
<testsuite ignored="0" hostname="IRAJ" failures="0" tests="3" name="Test" time="31.17" errors="0" timestamp="2023-04-02T09:31:49 IST">
  <testcase classname="testcases.TestMethods" name="SearchOperation" time="9.964"/>
  <testcase classname="testcases.TestMethods" name="Verify_Access_Fb" time="3.712"/>
  <testcase classname="testcases.TestMethods" name="VarifyLogin" time="2.575"/>
</testsuite> <!-- Test -->
